{"D:\\proyectos\\Arquitectura de software\\Nueva carpeta\\nodejs-mongodb-api-master\\src\\facturaController.js": {"path":"D:\\proyectos\\Arquitectura de software\\Nueva carpeta\\nodejs-mongodb-api-master\\src\\facturaController.js","statementMap":{"0":{"start":{"line":4,"column":18},"end":{"line":4,"column":19}},"1":{"start":{"line":5,"column":8},"end":{"line":26,"column":9}},"2":{"start":{"line":6,"column":12},"end":{"line":25,"column":13}},"3":{"start":{"line":8,"column":20},"end":{"line":8,"column":33}},"4":{"start":{"line":9,"column":20},"end":{"line":9,"column":26}},"5":{"start":{"line":11,"column":20},"end":{"line":11,"column":33}},"6":{"start":{"line":12,"column":20},"end":{"line":12,"column":26}},"7":{"start":{"line":14,"column":20},"end":{"line":14,"column":33}},"8":{"start":{"line":15,"column":20},"end":{"line":15,"column":26}},"9":{"start":{"line":17,"column":20},"end":{"line":17,"column":34}},"10":{"start":{"line":18,"column":20},"end":{"line":18,"column":26}},"11":{"start":{"line":20,"column":20},"end":{"line":20,"column":34}},"12":{"start":{"line":21,"column":20},"end":{"line":21,"column":26}},"13":{"start":{"line":23,"column":20},"end":{"line":23,"column":32}},"14":{"start":{"line":24,"column":20},"end":{"line":24,"column":26}},"15":{"start":{"line":27,"column":8},"end":{"line":27,"column":21}},"16":{"start":{"line":31,"column":20},"end":{"line":31,"column":21}},"17":{"start":{"line":33,"column":8},"end":{"line":41,"column":13}},"18":{"start":{"line":36,"column":20},"end":{"line":36,"column":33}},"19":{"start":{"line":37,"column":20},"end":{"line":37,"column":26}},"20":{"start":{"line":39,"column":20},"end":{"line":39,"column":34}},"21":{"start":{"line":40,"column":20},"end":{"line":40,"column":26}},"22":{"start":{"line":42,"column":12},"end":{"line":42,"column":27}},"23":{"start":{"line":46,"column":19},"end":{"line":46,"column":20}},"24":{"start":{"line":48,"column":8},"end":{"line":68,"column":13}},"25":{"start":{"line":51,"column":20},"end":{"line":51,"column":34}},"26":{"start":{"line":52,"column":20},"end":{"line":52,"column":26}},"27":{"start":{"line":54,"column":20},"end":{"line":54,"column":34}},"28":{"start":{"line":55,"column":20},"end":{"line":55,"column":26}},"29":{"start":{"line":57,"column":20},"end":{"line":57,"column":33}},"30":{"start":{"line":58,"column":20},"end":{"line":58,"column":26}},"31":{"start":{"line":60,"column":20},"end":{"line":60,"column":32}},"32":{"start":{"line":61,"column":20},"end":{"line":61,"column":26}},"33":{"start":{"line":63,"column":20},"end":{"line":63,"column":33}},"34":{"start":{"line":64,"column":20},"end":{"line":64,"column":26}},"35":{"start":{"line":66,"column":20},"end":{"line":66,"column":33}},"36":{"start":{"line":67,"column":20},"end":{"line":67,"column":26}},"37":{"start":{"line":69,"column":8},"end":{"line":69,"column":22}},"38":{"start":{"line":73,"column":19},"end":{"line":73,"column":20}},"39":{"start":{"line":75,"column":8},"end":{"line":94,"column":9}},"40":{"start":{"line":76,"column":12},"end":{"line":93,"column":13}},"41":{"start":{"line":79,"column":20},"end":{"line":79,"column":32}},"42":{"start":{"line":80,"column":20},"end":{"line":80,"column":26}},"43":{"start":{"line":82,"column":20},"end":{"line":82,"column":32}},"44":{"start":{"line":83,"column":20},"end":{"line":83,"column":26}},"45":{"start":{"line":85,"column":20},"end":{"line":85,"column":32}},"46":{"start":{"line":86,"column":20},"end":{"line":86,"column":26}},"47":{"start":{"line":88,"column":20},"end":{"line":88,"column":32}},"48":{"start":{"line":89,"column":20},"end":{"line":89,"column":26}},"49":{"start":{"line":91,"column":20},"end":{"line":91,"column":32}},"50":{"start":{"line":92,"column":20},"end":{"line":92,"column":26}},"51":{"start":{"line":95,"column":8},"end":{"line":95,"column":22}},"52":{"start":{"line":99,"column":19},"end":{"line":99,"column":20}},"53":{"start":{"line":101,"column":8},"end":{"line":123,"column":9}},"54":{"start":{"line":102,"column":12},"end":{"line":122,"column":13}},"55":{"start":{"line":105,"column":20},"end":{"line":105,"column":32}},"56":{"start":{"line":106,"column":20},"end":{"line":106,"column":26}},"57":{"start":{"line":108,"column":20},"end":{"line":108,"column":32}},"58":{"start":{"line":109,"column":20},"end":{"line":109,"column":26}},"59":{"start":{"line":111,"column":20},"end":{"line":111,"column":32}},"60":{"start":{"line":112,"column":20},"end":{"line":112,"column":26}},"61":{"start":{"line":114,"column":20},"end":{"line":114,"column":33}},"62":{"start":{"line":115,"column":20},"end":{"line":115,"column":26}},"63":{"start":{"line":117,"column":20},"end":{"line":117,"column":33}},"64":{"start":{"line":118,"column":20},"end":{"line":118,"column":26}},"65":{"start":{"line":120,"column":21},"end":{"line":120,"column":34}},"66":{"start":{"line":121,"column":20},"end":{"line":121,"column":26}},"67":{"start":{"line":124,"column":8},"end":{"line":124,"column":22}},"68":{"start":{"line":129,"column":22},"end":{"line":129,"column":41}},"69":{"start":{"line":130,"column":24},"end":{"line":130,"column":53}},"70":{"start":{"line":131,"column":32},"end":{"line":131,"column":76}},"71":{"start":{"line":132,"column":8},"end":{"line":132,"column":54}},"72":{"start":{"line":135,"column":0},"end":{"line":135,"column":34}}},"fnMap":{"0":{"name":"(anonymous_0)","decl":{"start":{"line":3,"column":4},"end":{"line":3,"column":5}},"loc":{"start":{"line":3,"column":31},"end":{"line":28,"column":5}},"line":3},"1":{"name":"(anonymous_1)","decl":{"start":{"line":30,"column":4},"end":{"line":30,"column":5}},"loc":{"start":{"line":30,"column":23},"end":{"line":43,"column":5}},"line":30},"2":{"name":"(anonymous_2)","decl":{"start":{"line":45,"column":4},"end":{"line":45,"column":5}},"loc":{"start":{"line":45,"column":18},"end":{"line":70,"column":5}},"line":45},"3":{"name":"(anonymous_3)","decl":{"start":{"line":72,"column":4},"end":{"line":72,"column":5}},"loc":{"start":{"line":72,"column":39},"end":{"line":96,"column":5}},"line":72},"4":{"name":"(anonymous_4)","decl":{"start":{"line":98,"column":4},"end":{"line":98,"column":5}},"loc":{"start":{"line":98,"column":29},"end":{"line":125,"column":5}},"line":98},"5":{"name":"(anonymous_5)","decl":{"start":{"line":127,"column":4},"end":{"line":127,"column":5}},"loc":{"start":{"line":128,"column":4},"end":{"line":133,"column":5}},"line":128}},"branchMap":{"0":{"loc":{"start":{"line":5,"column":8},"end":{"line":26,"column":9}},"type":"if","locations":[{"start":{"line":5,"column":8},"end":{"line":26,"column":9}},{"start":{},"end":{}}],"line":5},"1":{"loc":{"start":{"line":5,"column":11},"end":{"line":5,"column":97}},"type":"binary-expr","locations":[{"start":{"line":5,"column":11},"end":{"line":5,"column":37}},{"start":{"line":5,"column":41},"end":{"line":5,"column":67}},{"start":{"line":5,"column":71},"end":{"line":5,"column":97}}],"line":5},"2":{"loc":{"start":{"line":6,"column":12},"end":{"line":25,"column":13}},"type":"switch","locations":[{"start":{"line":7,"column":16},"end":{"line":9,"column":26}},{"start":{"line":10,"column":16},"end":{"line":12,"column":26}},{"start":{"line":13,"column":16},"end":{"line":15,"column":26}},{"start":{"line":16,"column":16},"end":{"line":18,"column":26}},{"start":{"line":19,"column":16},"end":{"line":21,"column":26}},{"start":{"line":22,"column":16},"end":{"line":24,"column":26}}],"line":6},"3":{"loc":{"start":{"line":33,"column":8},"end":{"line":41,"column":13}},"type":"switch","locations":[{"start":{"line":35,"column":16},"end":{"line":37,"column":26}},{"start":{"line":38,"column":16},"end":{"line":40,"column":26}}],"line":33},"4":{"loc":{"start":{"line":48,"column":8},"end":{"line":68,"column":13}},"type":"switch","locations":[{"start":{"line":50,"column":16},"end":{"line":52,"column":26}},{"start":{"line":53,"column":16},"end":{"line":55,"column":26}},{"start":{"line":56,"column":16},"end":{"line":58,"column":26}},{"start":{"line":59,"column":16},"end":{"line":61,"column":26}},{"start":{"line":62,"column":16},"end":{"line":64,"column":26}},{"start":{"line":65,"column":16},"end":{"line":67,"column":26}}],"line":48},"5":{"loc":{"start":{"line":75,"column":8},"end":{"line":94,"column":9}},"type":"if","locations":[{"start":{"line":75,"column":8},"end":{"line":94,"column":9}},{"start":{},"end":{}}],"line":75},"6":{"loc":{"start":{"line":76,"column":12},"end":{"line":93,"column":13}},"type":"switch","locations":[{"start":{"line":78,"column":16},"end":{"line":80,"column":26}},{"start":{"line":81,"column":16},"end":{"line":83,"column":26}},{"start":{"line":84,"column":16},"end":{"line":86,"column":26}},{"start":{"line":87,"column":16},"end":{"line":89,"column":26}},{"start":{"line":90,"column":16},"end":{"line":92,"column":26}}],"line":76},"7":{"loc":{"start":{"line":101,"column":8},"end":{"line":123,"column":9}},"type":"if","locations":[{"start":{"line":101,"column":8},"end":{"line":123,"column":9}},{"start":{},"end":{}}],"line":101},"8":{"loc":{"start":{"line":101,"column":11},"end":{"line":101,"column":97}},"type":"binary-expr","locations":[{"start":{"line":101,"column":11},"end":{"line":101,"column":37}},{"start":{"line":101,"column":41},"end":{"line":101,"column":67}},{"start":{"line":101,"column":71},"end":{"line":101,"column":97}}],"line":101},"9":{"loc":{"start":{"line":102,"column":12},"end":{"line":122,"column":13}},"type":"switch","locations":[{"start":{"line":104,"column":16},"end":{"line":106,"column":26}},{"start":{"line":107,"column":16},"end":{"line":109,"column":26}},{"start":{"line":110,"column":16},"end":{"line":112,"column":26}},{"start":{"line":113,"column":16},"end":{"line":115,"column":26}},{"start":{"line":116,"column":16},"end":{"line":118,"column":26}},{"start":{"line":119,"column":16},"end":{"line":121,"column":26}}],"line":102}},"s":{"0":1,"1":1,"2":1,"3":0,"4":0,"5":0,"6":0,"7":0,"8":0,"9":0,"10":0,"11":0,"12":0,"13":1,"14":1,"15":1,"16":1,"17":1,"18":1,"19":1,"20":0,"21":0,"22":1,"23":3,"24":3,"25":1,"26":1,"27":0,"28":0,"29":1,"30":1,"31":0,"32":0,"33":1,"34":1,"35":0,"36":0,"37":3,"38":2,"39":2,"40":2,"41":0,"42":0,"43":0,"44":0,"45":0,"46":0,"47":2,"48":2,"49":0,"50":0,"51":2,"52":2,"53":2,"54":2,"55":0,"56":0,"57":0,"58":0,"59":2,"60":2,"61":0,"62":0,"63":0,"64":0,"65":0,"66":0,"67":2,"68":1,"69":1,"70":1,"71":1,"72":1},"f":{"0":1,"1":1,"2":3,"3":2,"4":2,"5":1},"b":{"0":[1,0],"1":[1,1,0],"2":[0,0,0,0,0,1],"3":[1,0],"4":[1,0,1,0,1,0],"5":[2,0],"6":[0,0,0,2,0],"7":[2,0],"8":[2,2,0],"9":[0,0,2,0,0,0]},"_coverageSchema":"1a1c01bbd47fc00a2c39e90264f33305004495a9","hash":"743b807c05381690a50d332d8a8fa0423d34ce22"}
}
