TN:
SF:src\facturaController.js
FN:3,(anonymous_0)
FN:30,(anonymous_1)
FN:45,(anonymous_2)
FN:72,(anonymous_3)
FN:98,(anonymous_4)
FN:127,(anonymous_5)
FNF:6
FNH:6
FNDA:1,(anonymous_0)
FNDA:1,(anonymous_1)
FNDA:3,(anonymous_2)
FNDA:2,(anonymous_3)
FNDA:2,(anonymous_4)
FNDA:1,(anonymous_5)
DA:4,1
DA:5,1
DA:6,1
DA:8,0
DA:9,0
DA:11,0
DA:12,0
DA:14,0
DA:15,0
DA:17,0
DA:18,0
DA:20,0
DA:21,0
DA:23,1
DA:24,1
DA:27,1
DA:31,1
DA:33,1
DA:36,1
DA:37,1
DA:39,0
DA:40,0
DA:42,1
DA:46,3
DA:48,3
DA:51,1
DA:52,1
DA:54,0
DA:55,0
DA:57,1
DA:58,1
DA:60,0
DA:61,0
DA:63,1
DA:64,1
DA:66,0
DA:67,0
DA:69,3
DA:73,2
DA:75,2
DA:76,2
DA:79,0
DA:80,0
DA:82,0
DA:83,0
DA:85,0
DA:86,0
DA:88,2
DA:89,2
DA:91,0
DA:92,0
DA:95,2
DA:99,2
DA:101,2
DA:102,2
DA:105,0
DA:106,0
DA:108,0
DA:109,0
DA:111,2
DA:112,2
DA:114,0
DA:115,0
DA:117,0
DA:118,0
DA:120,0
DA:121,0
DA:124,2
DA:129,1
DA:130,1
DA:131,1
DA:132,1
DA:135,1
LF:73
LH:37
BRDA:5,0,0,1
BRDA:5,0,1,0
BRDA:5,1,0,1
BRDA:5,1,1,1
BRDA:5,1,2,0
BRDA:6,2,0,0
BRDA:6,2,1,0
BRDA:6,2,2,0
BRDA:6,2,3,0
BRDA:6,2,4,0
BRDA:6,2,5,1
BRDA:33,3,0,1
BRDA:33,3,1,0
BRDA:48,4,0,1
BRDA:48,4,1,0
BRDA:48,4,2,1
BRDA:48,4,3,0
BRDA:48,4,4,1
BRDA:48,4,5,0
BRDA:75,5,0,2
BRDA:75,5,1,0
BRDA:76,6,0,0
BRDA:76,6,1,0
BRDA:76,6,2,0
BRDA:76,6,3,2
BRDA:76,6,4,0
BRDA:101,7,0,2
BRDA:101,7,1,0
BRDA:101,8,0,2
BRDA:101,8,1,2
BRDA:101,8,2,0
BRDA:102,9,0,0
BRDA:102,9,1,0
BRDA:102,9,2,2
BRDA:102,9,3,0
BRDA:102,9,4,0
BRDA:102,9,5,0
BRF:37
BRH:14
end_of_record
